0 info it worked if it ends with ok
1 verbose cli [ 'E:\\Environment\\node-js\\node.exe',
1 verbose cli   'E:\\Environment\\node-js\\node_modules\\npm\\bin\\npm-cli.js',
1 verbose cli   'run-script',
1 verbose cli   'start' ]
2 info using npm@3.10.9
3 info using node@v4.6.0
4 verbose run-script [ 'prestart', 'start', 'poststart' ]
5 info lifecycle @~prestart: @
6 silly lifecycle @~prestart: no script for prestart, continuing
7 info lifecycle @~start: @
8 verbose lifecycle @~start: unsafe-perm in lifecycle true
9 verbose lifecycle @~start: PATH: E:\Environment\node-js\node_modules\npm\bin\node-gyp-bin;E:\workspace\github\ykj\ykj-web\node_modules\.bin;C:\ProgramData\Oracle\Java\javapath;C:\Windows\system32;C:\Windows;C:\Windows\System32\Wbem;C:\Windows\System32\WindowsPowerShell\v1.0\;C:\Program Files (x86)\NVIDIA Corporation\PhysX\Common;C:\Program Files\Intel\WiFi\bin\;C:\Program Files\Common Files\Intel\WirelessCommon\;E:\Environment\TortoiseGit\bin;E:\Environment\Git\cmd;C:\Program Files\Intel\WiFi\bin\;C:\Program Files\Common Files\Intel\WirelessCommon\;E:\Environment\apache-maven-3.3.9\bin;E:\Environment\Java\jdk1.7.0_80\bin;;C:\软件\开发软件\Microsoft VS Code\bin;E:\Environment\node-js;E:\Environment\node-js\node_modules;
10 verbose lifecycle @~start: CWD: E:\workspace\github\ykj\ykj-web
11 silly lifecycle @~start: Args: [ '/d /s /c',
11 silly lifecycle   'dora --plugins "browser-history,proxy,webpack,webpack-hmr"' ]
12 silly lifecycle @~start: Returned: code: 3221225786  signal: null
13 info lifecycle @~start: Failed to exec start script
14 verbose stack Error: @ start: `dora --plugins "browser-history,proxy,webpack,webpack-hmr"`
14 verbose stack Exit status 3221225786
14 verbose stack     at EventEmitter.<anonymous> (E:\Environment\node-js\node_modules\npm\lib\utils\lifecycle.js:255:16)
14 verbose stack     at emitTwo (events.js:87:13)
14 verbose stack     at EventEmitter.emit (events.js:172:7)
14 verbose stack     at ChildProcess.<anonymous> (E:\Environment\node-js\node_modules\npm\lib\utils\spawn.js:40:14)
14 verbose stack     at emitTwo (events.js:87:13)
14 verbose stack     at ChildProcess.emit (events.js:172:7)
14 verbose stack     at maybeClose (internal/child_process.js:829:16)
14 verbose stack     at Process.ChildProcess._handle.onexit (internal/child_process.js:211:5)
15 verbose pkgid @
16 verbose cwd E:\workspace\github\ykj\ykj-web
17 error Windows_NT 6.1.7601
18 error argv "E:\\Environment\\node-js\\node.exe" "E:\\Environment\\node-js\\node_modules\\npm\\bin\\npm-cli.js" "run-script" "start"
19 error node v4.6.0
20 error npm  v3.10.9
21 error code ELIFECYCLE
22 error @ start: `dora --plugins "browser-history,proxy,webpack,webpack-hmr"`
22 error Exit status 3221225786
23 error Failed at the @ start script 'dora --plugins "browser-history,proxy,webpack,webpack-hmr"'.
23 error Make sure you have the latest version of node.js and npm installed.
23 error If you do, this is most likely a problem with the  package,
23 error not with npm itself.
23 error Tell the author that this fails on your system:
23 error     dora --plugins "browser-history,proxy,webpack,webpack-hmr"
23 error You can get information on how to open an issue for this project with:
23 error     npm bugs
23 error Or if that isn't available, you can get their info via:
23 error     npm owner ls
23 error There is likely additional logging output above.
24 verbose exit [ 1, true ]
